2018-12-10 16:13:08,677 ERROR: Exception on /reset_password_request [POST] [in D:\soft\python37\lib\site-packages\flask\app.py:1761]
Traceback (most recent call last):
  File "D:\soft\python37\lib\site-packages\flask\app.py", line 2292, in wsgi_app
    response = self.full_dispatch_request()
  File "D:\soft\python37\lib\site-packages\flask\app.py", line 1815, in full_dispatch_request
    rv = self.handle_user_exception(e)
  File "D:\soft\python37\lib\site-packages\flask\app.py", line 1718, in handle_user_exception
    reraise(exc_type, exc_value, tb)
  File "D:\soft\python37\lib\site-packages\flask\_compat.py", line 35, in reraise
    raise value
  File "D:\soft\python37\lib\site-packages\flask\app.py", line 1813, in full_dispatch_request
    rv = self.dispatch_request()
  File "D:\soft\python37\lib\site-packages\flask\app.py", line 1799, in dispatch_request
    return self.view_functions[rule.endpoint](**req.view_args)
  File "E:\Pythonworkapace\microblog\application\routes.py", line 169, in reset_password_request
    send_password_reset_email(user)
  File "E:\Pythonworkapace\microblog\application\email.py", line 28, in send_password_reset_email
    user=user, token=token))
  File "E:\Pythonworkapace\microblog\application\email.py", line 17, in send_email
    mail.send(msg)
  File "D:\soft\python37\lib\site-packages\flask_mail.py", line 491, in send
    with self.connect() as connection:
  File "D:\soft\python37\lib\site-packages\flask_mail.py", line 144, in __enter__
    self.host = self.configure_host()
  File "D:\soft\python37\lib\site-packages\flask_mail.py", line 158, in configure_host
    host = smtplib.SMTP(self.mail.server, self.mail.port)
  File "D:\soft\python37\lib\smtplib.py", line 251, in __init__
    (code, msg) = self.connect(host, port)
  File "D:\soft\python37\lib\smtplib.py", line 338, in connect
    (code, msg) = self.getreply()
  File "D:\soft\python37\lib\smtplib.py", line 394, in getreply
    raise SMTPServerDisconnected("Connection unexpectedly closed")
smtplib.SMTPServerDisconnected: Connection unexpectedly closed
2018-12-10 16:15:18,153 INFO: Microblog startup [in E:\Pythonworkapace\microblog\application\__init__.py:56]
2018-12-10 16:20:42,870 ERROR: Exception on /reset_password_request [POST] [in D:\soft\python37\lib\site-packages\flask\app.py:1761]
Traceback (most recent call last):
  File "D:\soft\python37\lib\site-packages\flask\app.py", line 2292, in wsgi_app
    response = self.full_dispatch_request()
  File "D:\soft\python37\lib\site-packages\flask\app.py", line 1815, in full_dispatch_request
    rv = self.handle_user_exception(e)
  File "D:\soft\python37\lib\site-packages\flask\app.py", line 1718, in handle_user_exception
    reraise(exc_type, exc_value, tb)
  File "D:\soft\python37\lib\site-packages\flask\_compat.py", line 35, in reraise
    raise value
  File "D:\soft\python37\lib\site-packages\flask\app.py", line 1813, in full_dispatch_request
    rv = self.dispatch_request()
  File "D:\soft\python37\lib\site-packages\flask\app.py", line 1799, in dispatch_request
    return self.view_functions[rule.endpoint](**req.view_args)
  File "E:\Pythonworkapace\microblog\application\routes.py", line 169, in reset_password_request
    send_password_reset_email(user)
  File "E:\Pythonworkapace\microblog\application\email.py", line 28, in send_password_reset_email
    user=user, token=token))
  File "E:\Pythonworkapace\microblog\application\email.py", line 17, in send_email
    mail.send(msg)
  File "D:\soft\python37\lib\site-packages\flask_mail.py", line 491, in send
    with self.connect() as connection:
  File "D:\soft\python37\lib\site-packages\flask_mail.py", line 144, in __enter__
    self.host = self.configure_host()
  File "D:\soft\python37\lib\site-packages\flask_mail.py", line 158, in configure_host
    host = smtplib.SMTP(self.mail.server, self.mail.port)
  File "D:\soft\python37\lib\smtplib.py", line 251, in __init__
    (code, msg) = self.connect(host, port)
  File "D:\soft\python37\lib\smtplib.py", line 338, in connect
    (code, msg) = self.getreply()
  File "D:\soft\python37\lib\smtplib.py", line 394, in getreply
    raise SMTPServerDisconnected("Connection unexpectedly closed")
smtplib.SMTPServerDisconnected: Connection unexpectedly closed
2018-12-10 16:28:45,471 INFO: Microblog startup [in E:\Pythonworkapace\microblog\application\__init__.py:56]
2018-12-10 16:32:06,982 INFO: Microblog startup [in E:\Pythonworkapace\microblog\application\__init__.py:56]
2018-12-10 16:32:57,995 INFO: Microblog startup [in E:\Pythonworkapace\microblog\application\__init__.py:56]
2018-12-10 16:33:33,194 INFO: Microblog startup [in E:\Pythonworkapace\microblog\application\__init__.py:56]
2018-12-10 17:19:18,448 INFO: Microblog startup [in E:\Pythonworkapace\microblog\application\__init__.py:56]
2018-12-10 17:21:07,145 INFO: Microblog startup [in E:\Pythonworkapace\microblog\application\__init__.py:56]
2018-12-10 17:22:13,804 INFO: Microblog startup [in E:\Pythonworkapace\microblog\application\__init__.py:56]
2018-12-10 17:22:23,094 INFO: Microblog startup [in E:\Pythonworkapace\microblog\application\__init__.py:56]
2018-12-10 17:22:42,615 INFO: Microblog startup [in E:\Pythonworkapace\microblog\application\__init__.py:56]
2018-12-10 17:23:15,624 INFO: Microblog startup [in E:\Pythonworkapace\microblog\application\__init__.py:56]
2018-12-10 17:23:18,690 INFO: Microblog startup [in E:\Pythonworkapace\microblog\application\__init__.py:56]
2018-12-10 17:23:23,204 INFO: Microblog startup [in E:\Pythonworkapace\microblog\application\__init__.py:56]
2018-12-10 17:23:55,008 INFO: Microblog startup [in E:\Pythonworkapace\microblog\application\__init__.py:56]
2018-12-10 17:24:02,262 ERROR: Exception on /reset_password_request [POST] [in D:\soft\python37\lib\site-packages\flask\app.py:1761]
Traceback (most recent call last):
  File "D:\soft\python37\lib\site-packages\flask\app.py", line 2292, in wsgi_app
    response = self.full_dispatch_request()
  File "D:\soft\python37\lib\site-packages\flask\app.py", line 1815, in full_dispatch_request
    rv = self.handle_user_exception(e)
  File "D:\soft\python37\lib\site-packages\flask\app.py", line 1718, in handle_user_exception
    reraise(exc_type, exc_value, tb)
  File "D:\soft\python37\lib\site-packages\flask\_compat.py", line 35, in reraise
    raise value
  File "D:\soft\python37\lib\site-packages\flask\app.py", line 1813, in full_dispatch_request
    rv = self.dispatch_request()
  File "D:\soft\python37\lib\site-packages\flask\app.py", line 1799, in dispatch_request
    return self.view_functions[rule.endpoint](**req.view_args)
  File "E:\Pythonworkapace\microblog\application\routes.py", line 169, in reset_password_request
    send_password_reset_email(user)
  File "E:\Pythonworkapace\microblog\application\email.py", line 28, in send_password_reset_email
    user=user, token=token))
  File "E:\Pythonworkapace\microblog\application\email.py", line 17, in send_email
    mail.send(msg)
  File "D:\soft\python37\lib\site-packages\flask_mail.py", line 491, in send
    with self.connect() as connection:
  File "D:\soft\python37\lib\site-packages\flask_mail.py", line 144, in __enter__
    self.host = self.configure_host()
  File "D:\soft\python37\lib\site-packages\flask_mail.py", line 165, in configure_host
    host.login(self.mail.username, self.mail.password)
  File "D:\soft\python37\lib\smtplib.py", line 730, in login
    raise last_exception
  File "D:\soft\python37\lib\smtplib.py", line 721, in login
    initial_response_ok=initial_response_ok)
  File "D:\soft\python37\lib\smtplib.py", line 642, in auth
    raise SMTPAuthenticationError(code, resp)
smtplib.SMTPAuthenticationError: (535, b'Error: \xc7\xeb\xca\xb9\xd3\xc3\xca\xda\xc8\xa8\xc2\xeb\xb5\xc7\xc2\xbc\xa1\xa3\xcf\xea\xc7\xe9\xc7\xeb\xbf\xb4: http://service.mail.qq.com/cgi-bin/help?subtype=1&&id=28&&no=1001256')
2018-12-10 17:24:31,563 INFO: Microblog startup [in E:\Pythonworkapace\microblog\application\__init__.py:56]
2018-12-10 17:26:27,485 INFO: Microblog startup [in E:\Pythonworkapace\microblog\application\__init__.py:56]
2018-12-10 17:37:32,791 INFO: Microblog startup [in E:\Pythonworkapace\microblog\application\__init__.py:58]
2018-12-10 17:40:06,912 INFO: Microblog startup [in E:\Pythonworkapace\microblog\application\__init__.py:58]
2018-12-10 17:46:08,561 INFO: Microblog startup [in E:\Pythonworkapace\microblog\application\__init__.py:58]
2018-12-10 17:49:12,289 INFO: Microblog startup [in E:\Pythonworkapace\microblog\application\__init__.py:58]
2018-12-10 17:53:39,845 INFO: Microblog startup [in E:\Pythonworkapace\microblog\application\__init__.py:58]
2018-12-10 18:00:31,359 INFO: Microblog startup [in E:\Pythonworkapace\microblog\application\__init__.py:58]
2018-12-10 18:01:45,502 INFO: Microblog startup [in E:\Pythonworkapace\microblog\application\__init__.py:58]
2018-12-10 18:03:05,823 INFO: Microblog startup [in E:\Pythonworkapace\microblog\application\__init__.py:58]
